ALTER TABLE `fc_goods_cats` ADD `updated_at` DATETIME on update CURRENT_TIMESTAMP NOT NULL DEFAULT CURRENT_TIMESTAMP ;



[ sql ] [ SQL ] SHOW COLUMNS FROM `wst_sys_configs` [ RunTime:0.000682s ]
[ sql ] [ SQL ] SELECT `fieldCode`,`fieldValue` FROM `wst_sys_configs` [ RunTime:0.000392s ]
[ sql ] [ SQL ] SHOW COLUMNS FROM `wst_styles` [ RunTime:0.000677s ]
[ sql ] [ SQL ] SELECT `styleSys`,`stylePath`,`id` FROM `wst_styles` WHERE  `isUse` = 1 [ RunTime:0.000309s ]
[ sql ] [ SQL ] SHOW COLUMNS FROM `wst_datas` [ RunTime:0.000569s ]
[ sql ] [ SQL ] SELECT `dataVal` FROM `wst_datas` WHERE  `catId` = 3 [ RunTime:0.000321s ]
[ sql ] [ SQL ] SHOW COLUMNS FROM `wst_home_menus` [ RunTime:0.000526s ]
[ sql ] [ SQL ] SELECT * FROM `wst_home_menus` WHERE  `dataFlag` = 1 ORDER BY menuType asc [ RunTime:0.000629s ]
[ sql ] [ SQL ] SHOW COLUMNS FROM `wst_switchs` [ RunTime:0.000583s ]
[ sql ] [ SQL ] SELECT * FROM `wst_switchs` [ RunTime:0.000352s ]
[ sql ] [ SQL ] SHOW COLUMNS FROM `wst_data_cats` [ RunTime:0.000464s ]
[ sql ] [ SQL ] SELECT `catId` FROM `wst_data_cats` WHERE  `catCode` = 'ADS_TYPE' LIMIT 1 [ RunTime:0.000360s ]
[ sql ] [ SQL ] SELECT * FROM `wst_datas` WHERE  `dataFlag` = 1 ORDER BY catId asc,dataSort asc,id asc [ RunTime:0.000607s ]
[ sql ] [ SQL ] SHOW COLUMNS FROM `wst_orders` [ RunTime:0.000728s ]
[ sql ] [ SQL ] SELECT `o`.`orderId`,`o`.`orderNo`,`o`.`payType`,`s`.`userId`,`s`.`shopId`,`o`.`orderScore`,`o`.`realTotalMoney`,`commissionFee` FROM `wst_orders` `o` LEFT JOIN `wst_shops` `s` ON `o`.`shopId`=`s`.`shopId` WHERE  `o`.`userId` = '302'  AND `o`.`orderId` = '530'  AND `o`.`orderStatus` = '1' LIMIT 1 [ RunTime:0.000448s ]
[ sql ] [ SQL ] UPDATE `wst_orders`  SET `orderStatus` = 2 , `receiveTime` = '2020-03-12 13:22:48'  WHERE  `orderId` = 530 [ RunTime:0.000467s ]
[ sql ] [ SQL ] SELECT * FROM `wst_orders` WHERE  `orderId` = 530 LIMIT 1 [ RunTime:0.000535s ]
[ sql ] [ SQL ] SHOW COLUMNS FROM `wst_distribut_users` [ RunTime:0.000575s ]
[ sql ] [ SQL ] SELECT `grandpaId`,`parentId`,`userId` FROM `wst_distribut_users` WHERE  `userId` = 302 LIMIT 1 [ RunTime:0.000330s ]
[ sql ] [ SQL ] SHOW COLUMNS FROM `wst_users` [ RunTime:0.000599s ]
[ sql ] [ SQL ] UPDATE `wst_users`  SET `isBuyer` = 1  WHERE  `userId` = 302 [ RunTime:0.000316s ]
[ sql ] [ SQL ] SELECT `config` FROM `wst_addons` WHERE  `name` = 'Distribut' LIMIT 1 [ RunTime:0.000287s ]
[ sql ] [ SQL ] SHOW COLUMNS FROM `wst_shop_configs` [ RunTime:0.000686s ]
[ sql ] [ SQL ] SELECT `isDistribut`,`distributType`,`distributOrderRate` FROM `wst_shop_configs` WHERE  `shopId` = 28 LIMIT 1 [ RunTime:0.000308s ]
[ sql ] [ SQL ] SHOW COLUMNS FROM `wst_distribut_moneys` [ RunTime:0.000592s ]
[ sql ] [ SQL ] INSERT INTO `wst_distribut_moneys` (`shopId` , `orderId` , `userId` , `buyerId` , `remark` , `distributType` , `dataId` , `money` , `distributMoney` , `createTime` , `moneyType`) VALUES (28 , 530 , 1 , 302 , '订单【100006336】' , 1 , 530 , 600 , 60 , '2020-03-12 13:22:48' , 2) [ RunTime:0.000405s ]
[ sql ] [ SQL ] UPDATE `wst_users`  SET `userMoney` = userMoney+60 , `distributMoney` = distributMoney+60  WHERE  `userId` = 1 [ RunTime:0.000299s ]
[ sql ] [ SQL ] SHOW COLUMNS FROM `wst_log_moneys` [ RunTime:0.000595s ]
[ sql ] [ SQL ] INSERT INTO `wst_log_moneys` (`targetType` , `targetId` , `remark` , `dataSrc` , `dataId` , `money` , `tradeNo` , `payType` , `moneyType` , `createTime`) VALUES (0 , 1 , '获得订单【100006336】100%的佣金 ¥60' , '10000' , 530 , 60 , '0' , '0' , 1 , '2020-03-12 13:22:48') [ RunTime:0.000290s ]
[ sql ] [ SQL ] UPDATE `wst_orders`  SET `commissionFee` = commissionFee+totalCommission  WHERE  `orderId` = 530 [ RunTime:0.000380s ]
[ sql ] [ SQL ] SELECT * FROM `wst_orders` WHERE  `orderId` = 530 LIMIT 1 [ RunTime:0.000575s ]
[ sql ] [ SQL ] SHOW COLUMNS FROM `wst_order_goods` [ RunTime:0.000541s ]
[ sql ] [ SQL ] SELECT * FROM `wst_order_goods` WHERE  `orderId` = 530 [ RunTime:0.000435s ]
[ sql ] [ SQL ] SELECT * FROM `wst_orders` WHERE  `orderId` = 530 LIMIT 1 [ RunTime:0.000560s ]
[ sql ] [ SQL ] SHOW COLUMNS FROM `wst_shops` [ RunTime:0.000689s ]
[ sql ] [ SQL ] SELECT * FROM `wst_shops` WHERE  `shopId` = 28 LIMIT 1 [ RunTime:0.000410s ]
[ sql ] [ SQL ] SHOW COLUMNS FROM `wst_settlements` [ RunTime:0.000688s ]
[ sql ] [ SQL ] INSERT INTO `wst_settlements` (`settlementType` , `shopId` , `settlementMoney` , `commissionFee` , `backMoney` , `settlementStatus` , `settlementTime` , `createTime` , `settlementNo`) VALUES (1 , 28 , 600 , 60 , 540 , 1 , '2020-03-12 13:22:48' , '2020-03-12 13:22:48' , '') [ RunTime:0.000390s ]
[ sql ] [ SQL ] UPDATE `wst_settlements`  SET `settlementNo` = '1293'  WHERE  `settlementId` = 129 [ RunTime:0.000318s ]
[ sql ] [ SQL ] UPDATE `wst_orders`  SET `settlementId` = 129  WHERE  `orderId` = 530 [ RunTime:0.000427s ]
[ sql ] [ SQL ] UPDATE `wst_shops`  SET `shopMoney` = 2043.6  WHERE  `shopId` = 28 [ RunTime:0.000304s ]
[ sql ] [ SQL ] INSERT INTO `wst_log_moneys` (`targetType` , `targetId` , `dataId` , `dataSrc` , `remark` , `moneyType` , `money` , `payType` , `createTime`) VALUES (1 , 28 , 129 , '2' , '结算订单申请【1293】收取订单佣金¥60.00' , 0 , 60 , '0' , '2020-03-12 13:22:48') [ RunTime:0.000288s ]
[ sql ] [ SQL ] INSERT INTO `wst_log_moneys` (`targetType` , `targetId` , `dataId` , `dataSrc` , `remark` , `moneyType` , `money` , `payType` , `createTime`) VALUES (1 , 28 , 129 , '2' , '结算订单申请【1293】返还金额¥540' , 1 , 540 , '0' , '2020-03-12 13:22:48') [ RunTime:0.000149s ]
[ sql ] [ SQL ] SHOW COLUMNS FROM `wst_log_orders` [ RunTime:0.000572s ]
[ sql ] [ SQL ] INSERT INTO `wst_log_orders` (`orderId` , `orderStatus` , `logContent` , `logUserId` , `logType` , `logTime`) VALUES (530 , 2 , '用户已收货' , 302 , 0 , '2020-03-12 13:22:48') [ RunTime:0.000305s ]
[ sql ] [ SQL ] SHOW COLUMNS FROM `wst_template_msgs` [ RunTime:0.000590s ]
[ sql ] [ SQL ] SELECT * FROM `wst_template_msgs` ORDER BY id asc [ RunTime:0.000537s ]
[ sql ] [ SQL ] SHOW COLUMNS FROM `wst_wx_template_params` [ RunTime:0.000596s ]